<?xml version="1.0" encoding="UTF-8"?>
<!-- Generated by org.testng.reporters.JUnitReportReporter -->
<testsuite hostname="LAPTOP-I4SMI45D" name="com.amazon.test.ZestTest" tests="1" failures="0" timestamp="8 Mar 2020 00:08:11 GMT" time="5.491" errors="0">
  <testcase name="compare_product_price" time="5.491" classname="com.amazon.test.ZestTest"/>
</testsuite> <!-- com.amazon.test.ZestTest -->
