<?xml version="1.0" encoding="UTF-8"?>
<!-- Generated by org.testng.reporters.JUnitReportReporter -->
<testsuite hostname="LAPTOP-I4SMI45D" name="com.amazon.test.AmazonTest" tests="1" failures="0" timestamp="7 Mar 2020 23:26:30 GMT" time="2.434" errors="0">
  <testcase name="compare_product_price" time="2.434" classname="com.amazon.test.AmazonTest"/>
</testsuite> <!-- com.amazon.test.AmazonTest -->
