<?xml version="1.0" encoding="UTF-8"?>
<!-- Generated by org.testng.reporters.JUnitReportReporter -->
<testsuite hostname="LAPTOP-I4SMI45D" name="assignment.TestClass" tests="1" failures="0" timestamp="7 Mar 2020 19:17:27 GMT" time="0.013" errors="0">
  <testcase name="exampleOfTestNgMaven" time="0.013" classname="assignment.TestClass"/>
</testsuite> <!-- assignment.TestClass -->
